2011/05/01 22:16:39 [iConomyChestShop] Bennythebull bought 1 BOW with durability of 0 from CAPSLOCKNINJA for 10.0 BROLLAR
2011/05/02 19:54:34 [iConomyChestShop] RampantConstruct bought 1 BOW with durability of 0 from CAPSLOCKNINJA for 10.0 Cheddar
2011/05/02 19:54:34 [iConomyChestShop] RampantConstruct bought 1 BOW with durability of 0 from CAPSLOCKNINJA for 10.0 Cheddar
2011/05/02 20:05:00 [iConomyChestShop] Bennythebull bought 1 BOW with durability of 0 from CAPSLOCKNINJA for 10.0 Cheddar
2011/05/02 20:59:56 [iConomyChestShop] asneakyfatcat bought 64 COAL with durability of 0 from GTManiac for 7.0 Cheddar
2011/05/03 20:14:30 [iConomyChestShop] Psycholiptic bought 10 COAL with durability of 0 from GTManiac for 50.0 Cheddar
2011/05/03 20:22:58 [iConomyChestShop] dankleton bought 1 GRILLED_PORK with durability of 0 from asneakyfatcat for 20.0 Cheddar
2011/05/03 20:23:00 [iConomyChestShop] dankleton bought 1 GRILLED_PORK with durability of 0 from asneakyfatcat for 20.0 Cheddar
2011/05/03 20:23:05 [iConomyChestShop] dankleton bought 1 GRILLED_PORK with durability of 0 from asneakyfatcat for 20.0 Cheddar
2011/05/03 20:23:06 [iConomyChestShop] dankleton bought 1 GRILLED_PORK with durability of 0 from asneakyfatcat for 20.0 Cheddar
2011/05/03 20:23:06 [iConomyChestShop] dankleton bought 1 GRILLED_PORK with durability of 0 from asneakyfatcat for 20.0 Cheddar
2011/05/03 20:23:08 [iConomyChestShop] dankleton bought 1 GRILLED_PORK with durability of 0 from asneakyfatcat for 20.0 Cheddar
2011/05/03 20:33:20 [iConomyChestShop] Bennythebull bought 1 BOW with durability of 0 from CAPSLOCKNINJA for 10.0 Cheddar
2011/05/03 20:35:05 [iConomyChestShop] Bennythebull bought 1 ARROW with durability of 0 from asneakyfatcat for 15.0 Cheddar
2011/05/03 20:35:27 [iConomyChestShop] RampantConstruct bought 1 GRILLED_PORK with durability of 0 from asneakyfatcat for 20.0 Cheddar
2011/05/03 20:35:27 [iConomyChestShop] RampantConstruct bought 1 GRILLED_PORK with durability of 0 from asneakyfatcat for 20.0 Cheddar
2011/05/03 20:35:36 [iConomyChestShop] RampantConstruct bought 32 LOG with durability of 0 from asneakyfatcat for 70.0 Cheddar
2011/05/03 20:35:37 [iConomyChestShop] RampantConstruct bought 32 LOG with durability of 0 from asneakyfatcat for 70.0 Cheddar
2011/05/03 20:35:37 [iConomyChestShop] RampantConstruct bought 32 LOG with durability of 0 from asneakyfatcat for 70.0 Cheddar
2011/05/03 20:35:37 [iConomyChestShop] RampantConstruct bought 32 LOG with durability of 0 from asneakyfatcat for 70.0 Cheddar
2011/05/03 20:35:37 [iConomyChestShop] RampantConstruct bought 32 LOG with durability of 0 from asneakyfatcat for 70.0 Cheddar
2011/05/03 20:35:50 [iConomyChestShop] Bennythebull bought 1 ARROW with durability of 0 from asneakyfatcat for 15.0 Cheddar
2011/05/03 20:35:51 [iConomyChestShop] Bennythebull bought 1 ARROW with durability of 0 from asneakyfatcat for 15.0 Cheddar
2011/05/03 20:35:51 [iConomyChestShop] Bennythebull bought 1 ARROW with durability of 0 from asneakyfatcat for 15.0 Cheddar
2011/05/03 20:35:53 [iConomyChestShop] Bennythebull sold 1 ARROW with durability of 0 to asneakyfatcat for 5.0 Cheddar
2011/05/03 20:41:40 [iConomyChestShop] RampantConstruct bought 1 SULPHUR with durability of 0 from asneakyfatcat for 75.0 Cheddar
2011/05/03 20:52:46 [iConomyChestShop] dankleton bought 1 GRILLED_PORK with durability of 0 from asneakyfatcat for 20.0 Cheddar
2011/05/03 20:52:47 [iConomyChestShop] dankleton sold 1 GRILLED_PORK with durability of 0 to asneakyfatcat for 10.0 Cheddar
2011/05/03 20:52:53 [iConomyChestShop] dankleton bought 1 GRILLED_PORK with durability of 0 from asneakyfatcat for 20.0 Cheddar
2011/05/03 20:52:55 [iConomyChestShop] dankleton bought 1 GRILLED_PORK with durability of 0 from asneakyfatcat for 20.0 Cheddar
2011/05/03 20:52:55 [iConomyChestShop] dankleton bought 1 GRILLED_PORK with durability of 0 from asneakyfatcat for 20.0 Cheddar
2011/05/03 20:52:56 [iConomyChestShop] dankleton bought 1 GRILLED_PORK with durability of 0 from asneakyfatcat for 20.0 Cheddar
2011/05/03 20:53:35 [iConomyChestShop] dankleton sold 1 BONE with durability of 0 to asneakyfatcat for 10.0 Cheddar
2011/05/03 20:53:38 [iConomyChestShop] dankleton sold 1 BONE with durability of 0 to asneakyfatcat for 10.0 Cheddar
2011/05/03 20:53:39 [iConomyChestShop] dankleton sold 1 BONE with durability of 0 to asneakyfatcat for 10.0 Cheddar
2011/05/03 20:53:39 [iConomyChestShop] dankleton sold 1 BONE with durability of 0 to asneakyfatcat for 10.0 Cheddar
2011/05/03 20:54:24 [iConomyChestShop] CAPSLOCKNINJA bought 1 GRILLED_PORK with durability of 0 from asneakyfatcat for 20.0 Cheddar
2011/05/03 20:54:25 [iConomyChestShop] CAPSLOCKNINJA bought 1 GRILLED_PORK with durability of 0 from asneakyfatcat for 20.0 Cheddar
2011/05/03 21:00:05 [iConomyChestShop] dankleton sold 1 BONE with durability of 0 to asneakyfatcat for 5.0 Cheddar
2011/05/03 21:00:06 [iConomyChestShop] dankleton sold 1 BONE with durability of 0 to asneakyfatcat for 5.0 Cheddar
2011/05/03 21:00:21 [iConomyChestShop] dankleton sold 1 GRILLED_PORK with durability of 0 to asneakyfatcat for 10.0 Cheddar
2011/05/03 21:00:23 [iConomyChestShop] dankleton sold 1 GRILLED_PORK with durability of 0 to asneakyfatcat for 10.0 Cheddar
2011/05/04 15:15:18 [iConomyChestShop] CAPSLOCKNINJA bought 1 GRILLED_PORK with durability of 0 from asneakyfatcat for 20.0 Cheddar
2011/05/04 16:22:17 [iConomyChestShop] asneakyfatcat bought 5 REDSTONE with durability of 0 from CAPSLOCKNINJA for 10.0 Cheddar
2011/05/04 16:22:17 [iConomyChestShop] asneakyfatcat sold 5 REDSTONE with durability of 0 to CAPSLOCKNINJA for 5.0 Cheddar
2011/05/04 17:08:24 [iConomyChestShop] asneakyfatcat bought 1 SIGN with durability of 0 from CAPSLOCKNINJA for 15.0 Cheddar
2011/05/04 17:29:10 [iConomyChestShop] asneakyfatcat bought 1 SIGN with durability of 0 from CAPSLOCKNINJA for 15.0 Cheddar
2011/05/04 17:56:55 [iConomyChestShop] CAPSLOCKNINJA bought 1 FLINT with durability of 0 from asneakyfatcat for 15.0 Cheddar
2011/05/04 17:56:55 [iConomyChestShop] CAPSLOCKNINJA bought 1 FLINT with durability of 0 from asneakyfatcat for 15.0 Cheddar
2011/05/04 17:56:55 [iConomyChestShop] CAPSLOCKNINJA bought 1 FLINT with durability of 0 from asneakyfatcat for 15.0 Cheddar
2011/05/04 17:56:55 [iConomyChestShop] CAPSLOCKNINJA bought 1 FLINT with durability of 0 from asneakyfatcat for 15.0 Cheddar
2011/05/04 17:56:55 [iConomyChestShop] CAPSLOCKNINJA bought 1 FLINT with durability of 0 from asneakyfatcat for 15.0 Cheddar
2011/05/04 17:56:55 [iConomyChestShop] CAPSLOCKNINJA bought 1 FLINT with durability of 0 from asneakyfatcat for 15.0 Cheddar
2011/05/04 17:56:56 [iConomyChestShop] CAPSLOCKNINJA bought 1 FLINT with durability of 0 from asneakyfatcat for 15.0 Cheddar
2011/05/04 17:56:56 [iConomyChestShop] CAPSLOCKNINJA bought 1 FLINT with durability of 0 from asneakyfatcat for 15.0 Cheddar
2011/05/04 18:01:12 [iConomyChestShop] RampantConstruct bought 1 BRICK with durability of 0 from CAPSLOCKNINJA for 10.0 Cheddar
2011/05/04 18:01:13 [iConomyChestShop] RampantConstruct bought 1 BRICK with durability of 0 from CAPSLOCKNINJA for 10.0 Cheddar
2011/05/04 18:26:18 [iConomyChestShop] Bennythebull bought 5 COAL with durability of 0 from asneakyfatcat for 30.0 Cheddar
2011/05/04 18:28:14 [iConomyChestShop] CAPSLOCKNINJA bought 1 IRON_INGOT with durability of 0 from asneakyfatcat for 25.0 Cheddar
2011/05/04 18:28:15 [iConomyChestShop] CAPSLOCKNINJA bought 1 IRON_INGOT with durability of 0 from asneakyfatcat for 25.0 Cheddar
2011/05/04 18:28:34 [iConomyChestShop] CAPSLOCKNINJA sold 1 LEATHER with durability of 0 to asneakyfatcat for 2.0 Cheddar
2011/05/04 18:28:35 [iConomyChestShop] CAPSLOCKNINJA sold 1 LEATHER with durability of 0 to asneakyfatcat for 2.0 Cheddar
2011/05/04 18:28:36 [iConomyChestShop] CAPSLOCKNINJA sold 1 LEATHER with durability of 0 to asneakyfatcat for 2.0 Cheddar
2011/05/04 18:36:26 [iConomyChestShop] CAPSLOCKNINJA bought 1 STRING with durability of 0 from asneakyfatcat for 10.0 Cheddar
2011/05/04 18:36:28 [iConomyChestShop] CAPSLOCKNINJA bought 1 STRING with durability of 0 from asneakyfatcat for 10.0 Cheddar
2011/05/04 19:11:15 [iConomyChestShop] Ti22_simos bought 1 ARROW with durability of 0 from asneakyfatcat for 10.0 Cheddar
2011/05/04 19:58:27 [iConomyChestShop] CAPSLOCKNINJA bought 1 GRILLED_PORK with durability of 0 from asneakyfatcat for 20.0 Cheddar
2011/05/04 20:02:43 [iConomyChestShop] CAPSLOCKNINJA sold 32 COBBLESTONE with durability of 0 to asneakyfatcat for 10.0 Cheddar
2011/05/04 20:03:28 [iConomyChestShop] CAPSLOCKNINJA bought 32 WOOD with durability of 0 from asneakyfatcat for 30.0 Cheddar
2011/05/04 20:23:32 [iConomyChestShop] Bennythebull sold 32 STONE with durability of 0 to asneakyfatcat for 10.0 Cheddar
2011/05/04 20:23:35 [iConomyChestShop] Bennythebull sold 32 STONE with durability of 0 to asneakyfatcat for 10.0 Cheddar
2011/05/04 21:37:35 [iConomyChestShop] asneakyfatcat bought 1 MUSHROOM_SOUP with durability of 0 from CAPSLOCKNINJA for 30.0 Cheddar
2011/05/04 21:37:38 [iConomyChestShop] asneakyfatcat bought 1 MUSHROOM_SOUP with durability of 0 from CAPSLOCKNINJA for 30.0 Cheddar
2011/05/04 21:37:39 [iConomyChestShop] asneakyfatcat bought 1 MUSHROOM_SOUP with durability of 0 from CAPSLOCKNINJA for 30.0 Cheddar
2011/05/04 22:22:37 [iConomyChestShop] Bennythebull bought 1 IRON_INGOT with durability of 0 from asneakyfatcat for 25.0 Cheddar
2011/05/04 22:22:39 [iConomyChestShop] Bennythebull bought 1 IRON_INGOT with durability of 0 from asneakyfatcat for 25.0 Cheddar
2011/05/04 22:22:39 [iConomyChestShop] Bennythebull bought 1 IRON_INGOT with durability of 0 from asneakyfatcat for 25.0 Cheddar
2011/05/04 22:22:40 [iConomyChestShop] Bennythebull bought 1 IRON_INGOT with durability of 0 from asneakyfatcat for 25.0 Cheddar
2011/05/05 19:21:30 [iConomyChestShop] asneakyfatcat bought 1 MUSHROOM_SOUP with durability of 0 from CAPSLOCKNINJA for 30.0 Cheddar
2011/05/05 19:21:31 [iConomyChestShop] asneakyfatcat bought 1 MUSHROOM_SOUP with durability of 0 from CAPSLOCKNINJA for 30.0 Cheddar
2011/05/05 19:21:32 [iConomyChestShop] asneakyfatcat bought 1 MUSHROOM_SOUP with durability of 0 from CAPSLOCKNINJA for 30.0 Cheddar
2011/05/05 21:48:46 [iConomyChestShop] Bennythebull bought 1 IRON_INGOT with durability of 0 from asneakyfatcat for 25.0 Cheddar
2011/05/05 22:11:03 [iConomyChestShop] Bennythebull bought 1 REDSTONE with durability of 0 from asneakyfatcat for 25.0 Cheddar
2011/05/06 15:16:03 [iConomyChestShop] asneakyfatcat bought 1 BOWL with durability of 0 from CAPSLOCKNINJA for 10.0 Cheddar
2011/05/06 15:16:04 [iConomyChestShop] asneakyfatcat bought 1 BOWL with durability of 0 from CAPSLOCKNINJA for 10.0 Cheddar
2011/05/06 15:16:07 [iConomyChestShop] asneakyfatcat sold 1 BOWL with durability of 0 to CAPSLOCKNINJA for 10.0 Cheddar
2011/05/06 15:16:09 [iConomyChestShop] asneakyfatcat sold 1 BOWL with durability of 0 to CAPSLOCKNINJA for 10.0 Cheddar
2011/05/06 15:28:28 [iConomyChestShop] Ti22_simos bought 32 WOOD with durability of 0 from asneakyfatcat for 30.0 Cheddar
2011/05/06 15:40:43 [iConomyChestShop] asneakyfatcat bought 1 PUMPKIN with durability of 0 from Ti22_simos for 35.0 Cheddar
2011/05/06 15:40:43 [iConomyChestShop] asneakyfatcat bought 1 PUMPKIN with durability of 0 from Ti22_simos for 35.0 Cheddar
2011/05/06 15:40:43 [iConomyChestShop] asneakyfatcat bought 1 PUMPKIN with durability of 0 from Ti22_simos for 35.0 Cheddar
2011/05/06 15:40:43 [iConomyChestShop] asneakyfatcat bought 1 PUMPKIN with durability of 0 from Ti22_simos for 35.0 Cheddar
2011/05/06 15:40:43 [iConomyChestShop] asneakyfatcat bought 1 PUMPKIN with durability of 0 from Ti22_simos for 35.0 Cheddar
2011/05/06 15:40:44 [iConomyChestShop] asneakyfatcat bought 1 PUMPKIN with durability of 0 from Ti22_simos for 35.0 Cheddar
2011/05/06 15:40:44 [iConomyChestShop] asneakyfatcat bought 1 PUMPKIN with durability of 0 from Ti22_simos for 35.0 Cheddar
2011/05/06 15:40:44 [iConomyChestShop] asneakyfatcat bought 1 PUMPKIN with durability of 0 from Ti22_simos for 35.0 Cheddar
2011/05/06 15:40:44 [iConomyChestShop] asneakyfatcat bought 1 PUMPKIN with durability of 0 from Ti22_simos for 35.0 Cheddar
2011/05/06 15:40:44 [iConomyChestShop] asneakyfatcat bought 1 PUMPKIN with durability of 0 from Ti22_simos for 35.0 Cheddar
2011/05/06 15:40:45 [iConomyChestShop] asneakyfatcat bought 1 PUMPKIN with durability of 0 from Ti22_simos for 35.0 Cheddar
2011/05/06 15:40:45 [iConomyChestShop] asneakyfatcat bought 1 PUMPKIN with durability of 0 from Ti22_simos for 35.0 Cheddar
2011/05/06 15:40:45 [iConomyChestShop] asneakyfatcat bought 1 PUMPKIN with durability of 0 from Ti22_simos for 35.0 Cheddar
2011/05/06 15:41:52 [iConomyChestShop] asneakyfatcat bought 1 SIGN with durability of 0 from CAPSLOCKNINJA for 15.0 Cheddar
2011/05/06 15:56:41 [iConomyChestShop] CAPSLOCKNINJA bought 1 GRILLED_PORK with durability of 0 from asneakyfatcat for 20.0 Cheddar
2011/05/06 15:56:49 [iConomyChestShop] CAPSLOCKNINJA bought 1 GRILLED_PORK with durability of 0 from asneakyfatcat for 20.0 Cheddar
